[ 2019-02-06T14:39:16+08:00 ] ::1 /
INFO: [ app_init ] --START--
INFO: Run Behavior\BuildLiteBehavior [ RunTime:0.000058s ]
INFO: [ app_init ] --END-- [ RunTime:0.001208s ]
INFO: [ app_begin ] --START--
INFO: Run Behavior\ReadHtmlCacheBehavior [ RunTime:0.001784s ]
INFO: [ app_begin ] --END-- [ RunTime:0.001989s ]
SQL: SHOW COLUMNS FROM `rr_configs` [ RunTime:0.0015s ]
SQL: SELECT * FROM `rr_configs` LIMIT 1   [ RunTime:0.0005s ]
SQL: SHOW COLUMNS FROM `rr_cateart` [ RunTime:0.0009s ]
SQL: SELECT * FROM `rr_cateart` ORDER BY sors asc  [ RunTime:0.0009s ]
SQL: SHOW COLUMNS FROM `rr_arts` [ RunTime:0.0010s ]
SQL: SHOW COLUMNS FROM `rr_cateart` [ RunTime:0.0008s ]
SQL: SHOW COLUMNS FROM `rr_arts` [ RunTime:0.0008s ]
SQL: SELECT COUNT(*) AS tp_count FROM rr_cateart Cateart LEFT JOIN rr_arts Arts ON Arts.catid=Cateart.id WHERE Arts.catid = '' LIMIT 1   [ RunTime:0.1773s ]
SQL: SELECT Cateart.id AS id,Cateart.pid AS pid,Cateart.catena AS catena,Cateart.uls AS uls,Cateart.sors AS sors,Cateart.tits AS tits,Cateart.descc AS descc,Cateart.kws AS kws,Cateart.typs AS typs,Cateart.arttem AS arttem,Arts.id AS id,Arts.timess AS timess,Arts.autos AS autos,Arts.shot AS shot,Arts.lart AS lart,Arts.kws AS kws,Arts.desccc AS desccc,Arts.artimg AS artimg,Arts.cons AS cons,Arts.bors AS bors,Arts.catid AS catid,Arts.updas AS updas FROM rr_cateart Cateart LEFT JOIN rr_arts Arts ON Arts.catid=Cateart.id WHERE Arts.catid = '' LIMIT 0,2   [ RunTime:0.0007s ]
INFO: [ view_parse ] --START--
INFO: [ template_filter ] --START--
INFO: Run Behavior\ContentReplaceBehavior [ RunTime:0.000425s ]
INFO: [ template_filter ] --END-- [ RunTime:0.000624s ]
NOTIC: [8] Undefined index: child D:\wamp64\www\test5\Application\Runtime\Cache\Home\0d6509e863112dc5821b22ecb897e16e.php 第 30 行.
NOTIC: [2] Invalid argument supplied for foreach() D:\wamp64\www\test5\Application\Runtime\Cache\Home\0d6509e863112dc5821b22ecb897e16e.php 第 30 行.
NOTIC: [8] Undefined index: child D:\wamp64\www\test5\Application\Runtime\Cache\Home\0d6509e863112dc5821b22ecb897e16e.php 第 30 行.
NOTIC: [2] Invalid argument supplied for foreach() D:\wamp64\www\test5\Application\Runtime\Cache\Home\0d6509e863112dc5821b22ecb897e16e.php 第 30 行.
NOTIC: [8] Undefined index: child D:\wamp64\www\test5\Application\Runtime\Cache\Home\0d6509e863112dc5821b22ecb897e16e.php 第 30 行.
NOTIC: [2] Invalid argument supplied for foreach() D:\wamp64\www\test5\Application\Runtime\Cache\Home\0d6509e863112dc5821b22ecb897e16e.php 第 30 行.
SQL: SHOW COLUMNS FROM `rr_caross` [ RunTime:0.1183s ]
SQL: SELECT * FROM `rr_caross`  [ RunTime:0.0448s ]
SQL: SELECT Cateart.id AS id,Cateart.pid AS pid,Cateart.catena AS catena,Cateart.uls AS uls,Cateart.sors AS sors,Cateart.tits AS tits,Cateart.descc AS descc,Cateart.kws AS kws,Cateart.typs AS typs,Cateart.arttem AS arttem,Arts.id AS id,Arts.timess AS timess,Arts.autos AS autos,Arts.shot AS shot,Arts.lart AS lart,Arts.kws AS kws,Arts.desccc AS desccc,Arts.artimg AS artimg,Arts.cons AS cons,Arts.bors AS bors,Arts.catid AS catid,Arts.updas AS updas FROM rr_cateart Cateart LEFT JOIN rr_arts Arts ON Arts.catid=Cateart.id WHERE Arts.catid = '35' ORDER BY Arts.timess desc  [ RunTime:0.0011s ]
INFO: Run Behavior\ParseTemplateBehavior [ RunTime:2.053224s ]
INFO: [ view_parse ] --END-- [ RunTime:2.053464s ]
INFO: [ view_filter ] --START--
INFO: Run Behavior\WriteHtmlCacheBehavior [ RunTime:0.001815s ]
INFO: [ view_filter ] --END-- [ RunTime:0.002011s ]
INFO: [ app_end ] --START--
INFO: Run Behavior\ShowPageTraceBehavior [ RunTime:0.003620s ]
INFO: [ app_end ] --END-- [ RunTime:0.003984s ]

[ 2019-02-06T14:39:26+08:00 ] ::1 /index.php/Home/List/export/id/35
INFO: [ app_init ] --START--
INFO: Run Behavior\BuildLiteBehavior [ RunTime:0.000040s ]
INFO: [ app_init ] --END-- [ RunTime:0.001301s ]
INFO: [ app_begin ] --START--
INFO: Run Behavior\ReadHtmlCacheBehavior [ RunTime:0.001689s ]
INFO: [ app_begin ] --END-- [ RunTime:0.001911s ]
SQL: SHOW COLUMNS FROM `rr_configs` [ RunTime:0.0012s ]
SQL: SELECT * FROM `rr_configs` LIMIT 1   [ RunTime:0.0004s ]
SQL: SHOW COLUMNS FROM `rr_cateart` [ RunTime:0.0008s ]
SQL: SELECT * FROM `rr_cateart` ORDER BY sors asc  [ RunTime:0.0008s ]
SQL: SHOW COLUMNS FROM `rr_arts` [ RunTime:0.0010s ]
SQL: SHOW COLUMNS FROM `rr_cateart` [ RunTime:0.0008s ]
SQL: SHOW COLUMNS FROM `rr_arts` [ RunTime:0.0179s ]
SQL: SELECT COUNT(*) AS tp_count FROM rr_cateart Cateart LEFT JOIN rr_arts Arts ON Arts.catid=Cateart.id WHERE Arts.catid = '35' LIMIT 1   [ RunTime:0.0005s ]
SQL: SELECT Cateart.id AS id,Cateart.pid AS pid,Cateart.catena AS catena,Cateart.uls AS uls,Cateart.sors AS sors,Cateart.tits AS tits,Cateart.descc AS descc,Cateart.kws AS kws,Cateart.typs AS typs,Cateart.arttem AS arttem,Arts.id AS id,Arts.timess AS timess,Arts.autos AS autos,Arts.shot AS shot,Arts.lart AS lart,Arts.kws AS kws,Arts.desccc AS desccc,Arts.artimg AS artimg,Arts.cons AS cons,Arts.bors AS bors,Arts.catid AS catid,Arts.updas AS updas FROM rr_cateart Cateart LEFT JOIN rr_arts Arts ON Arts.catid=Cateart.id WHERE Arts.catid = '35' LIMIT 0,2   [ RunTime:0.0008s ]
INFO: [ view_parse ] --START--
INFO: [ template_filter ] --START--
INFO: Run Behavior\ContentReplaceBehavior [ RunTime:0.000199s ]
INFO: [ template_filter ] --END-- [ RunTime:0.000398s ]
NOTIC: [8] Undefined index: child D:\wamp64\www\test5\Application\Runtime\Cache\Home\20fcf1166d016287cf4c09b169abf594.php 第 27 行.
NOTIC: [2] Invalid argument supplied for foreach() D:\wamp64\www\test5\Application\Runtime\Cache\Home\20fcf1166d016287cf4c09b169abf594.php 第 27 行.
NOTIC: [8] Undefined index: child D:\wamp64\www\test5\Application\Runtime\Cache\Home\20fcf1166d016287cf4c09b169abf594.php 第 27 行.
NOTIC: [2] Invalid argument supplied for foreach() D:\wamp64\www\test5\Application\Runtime\Cache\Home\20fcf1166d016287cf4c09b169abf594.php 第 27 行.
NOTIC: [8] Undefined index: child D:\wamp64\www\test5\Application\Runtime\Cache\Home\20fcf1166d016287cf4c09b169abf594.php 第 27 行.
NOTIC: [2] Invalid argument supplied for foreach() D:\wamp64\www\test5\Application\Runtime\Cache\Home\20fcf1166d016287cf4c09b169abf594.php 第 27 行.
INFO: Run Behavior\ParseTemplateBehavior [ RunTime:0.096492s ]
INFO: [ view_parse ] --END-- [ RunTime:0.096788s ]
INFO: [ view_filter ] --START--
INFO: Run Behavior\WriteHtmlCacheBehavior [ RunTime:0.001629s ]
INFO: [ view_filter ] --END-- [ RunTime:0.001817s ]
INFO: [ app_end ] --START--
INFO: Run Behavior\ShowPageTraceBehavior [ RunTime:0.002651s ]
INFO: [ app_end ] --END-- [ RunTime:0.003147s ]

[ 2019-02-06T14:39:27+08:00 ] ::1 /index.php/Home/Index_whole.html/id/31
INFO: [ app_init ] --START--
INFO: Run Behavior\BuildLiteBehavior [ RunTime:0.000064s ]
INFO: [ app_init ] --END-- [ RunTime:0.001371s ]
INFO: [ app_begin ] --START--
INFO: Run Behavior\ReadHtmlCacheBehavior [ RunTime:0.001848s ]
INFO: [ app_begin ] --END-- [ RunTime:0.002121s ]
SQL: SHOW COLUMNS FROM `rr_configs` [ RunTime:0.0012s ]
SQL: SELECT * FROM `rr_configs` LIMIT 1   [ RunTime:0.0006s ]
SQL: SHOW COLUMNS FROM `rr_cateart` [ RunTime:0.0009s ]
SQL: SELECT * FROM `rr_cateart` ORDER BY sors asc  [ RunTime:0.0009s ]
SQL: SHOW COLUMNS FROM `rr_arts` [ RunTime:0.0010s ]
SQL: SHOW COLUMNS FROM `rr_cateart` [ RunTime:0.0009s ]
SQL: SHOW COLUMNS FROM `rr_arts` [ RunTime:0.0010s ]
SQL: SELECT COUNT(*) AS tp_count FROM rr_cateart Cateart LEFT JOIN rr_arts Arts ON Arts.catid=Cateart.id WHERE Arts.catid = '' LIMIT 1   [ RunTime:0.0006s ]
SQL: SELECT Cateart.id AS id,Cateart.pid AS pid,Cateart.catena AS catena,Cateart.uls AS uls,Cateart.sors AS sors,Cateart.tits AS tits,Cateart.descc AS descc,Cateart.kws AS kws,Cateart.typs AS typs,Cateart.arttem AS arttem,Arts.id AS id,Arts.timess AS timess,Arts.autos AS autos,Arts.shot AS shot,Arts.lart AS lart,Arts.kws AS kws,Arts.desccc AS desccc,Arts.artimg AS artimg,Arts.cons AS cons,Arts.bors AS bors,Arts.catid AS catid,Arts.updas AS updas FROM rr_cateart Cateart LEFT JOIN rr_arts Arts ON Arts.catid=Cateart.id WHERE Arts.catid = '' LIMIT 0,2   [ RunTime:0.0007s ]
ERR: 模板不存在:./Application/Home/View/Index_whole.html_id.html

[ 2019-02-06T14:39:33+08:00 ] ::1 /index.php/Home/Index_extension.html/id/32
INFO: [ app_init ] --START--
INFO: Run Behavior\BuildLiteBehavior [ RunTime:0.000041s ]
INFO: [ app_init ] --END-- [ RunTime:0.001396s ]
INFO: [ app_begin ] --START--
INFO: Run Behavior\ReadHtmlCacheBehavior [ RunTime:0.001648s ]
INFO: [ app_begin ] --END-- [ RunTime:0.001864s ]
SQL: SHOW COLUMNS FROM `rr_configs` [ RunTime:0.0010s ]
SQL: SELECT * FROM `rr_configs` LIMIT 1   [ RunTime:0.0005s ]
SQL: SHOW COLUMNS FROM `rr_cateart` [ RunTime:0.0008s ]
SQL: SELECT * FROM `rr_cateart` ORDER BY sors asc  [ RunTime:0.0007s ]
SQL: SHOW COLUMNS FROM `rr_arts` [ RunTime:0.0009s ]
SQL: SHOW COLUMNS FROM `rr_cateart` [ RunTime:0.0007s ]
SQL: SHOW COLUMNS FROM `rr_arts` [ RunTime:0.0007s ]
SQL: SELECT COUNT(*) AS tp_count FROM rr_cateart Cateart LEFT JOIN rr_arts Arts ON Arts.catid=Cateart.id WHERE Arts.catid = '' LIMIT 1   [ RunTime:0.0005s ]
SQL: SELECT Cateart.id AS id,Cateart.pid AS pid,Cateart.catena AS catena,Cateart.uls AS uls,Cateart.sors AS sors,Cateart.tits AS tits,Cateart.descc AS descc,Cateart.kws AS kws,Cateart.typs AS typs,Cateart.arttem AS arttem,Arts.id AS id,Arts.timess AS timess,Arts.autos AS autos,Arts.shot AS shot,Arts.lart AS lart,Arts.kws AS kws,Arts.desccc AS desccc,Arts.artimg AS artimg,Arts.cons AS cons,Arts.bors AS bors,Arts.catid AS catid,Arts.updas AS updas FROM rr_cateart Cateart LEFT JOIN rr_arts Arts ON Arts.catid=Cateart.id WHERE Arts.catid = '' LIMIT 0,2   [ RunTime:0.0006s ]
ERR: 模板不存在:./Application/Home/View/Index_extension.html_id.html

[ 2019-02-06T14:39:47+08:00 ] ::1 /index.php/Home/List/export/id/35
INFO: [ app_init ] --START--
INFO: Run Behavior\BuildLiteBehavior [ RunTime:0.000064s ]
INFO: [ app_init ] --END-- [ RunTime:0.001199s ]
INFO: [ app_begin ] --START--
INFO: Run Behavior\ReadHtmlCacheBehavior [ RunTime:0.001481s ]
INFO: [ app_begin ] --END-- [ RunTime:0.001690s ]
SQL: SHOW COLUMNS FROM `rr_configs` [ RunTime:0.0010s ]
SQL: SELECT * FROM `rr_configs` LIMIT 1   [ RunTime:0.0004s ]
SQL: SHOW COLUMNS FROM `rr_cateart` [ RunTime:0.0009s ]
SQL: SELECT * FROM `rr_cateart` ORDER BY sors asc  [ RunTime:0.0007s ]
SQL: SHOW COLUMNS FROM `rr_arts` [ RunTime:0.0012s ]
SQL: SHOW COLUMNS FROM `rr_cateart` [ RunTime:0.0008s ]
SQL: SHOW COLUMNS FROM `rr_arts` [ RunTime:0.0008s ]
SQL: SELECT COUNT(*) AS tp_count FROM rr_cateart Cateart LEFT JOIN rr_arts Arts ON Arts.catid=Cateart.id WHERE Arts.catid = '35' LIMIT 1   [ RunTime:0.0008s ]
SQL: SELECT Cateart.id AS id,Cateart.pid AS pid,Cateart.catena AS catena,Cateart.uls AS uls,Cateart.sors AS sors,Cateart.tits AS tits,Cateart.descc AS descc,Cateart.kws AS kws,Cateart.typs AS typs,Cateart.arttem AS arttem,Arts.id AS id,Arts.timess AS timess,Arts.autos AS autos,Arts.shot AS shot,Arts.lart AS lart,Arts.kws AS kws,Arts.desccc AS desccc,Arts.artimg AS artimg,Arts.cons AS cons,Arts.bors AS bors,Arts.catid AS catid,Arts.updas AS updas FROM rr_cateart Cateart LEFT JOIN rr_arts Arts ON Arts.catid=Cateart.id WHERE Arts.catid = '35' LIMIT 0,2   [ RunTime:0.0007s ]
INFO: [ view_parse ] --START--
INFO: [ template_filter ] --START--
INFO: Run Behavior\ContentReplaceBehavior [ RunTime:0.000192s ]
INFO: [ template_filter ] --END-- [ RunTime:0.000398s ]
NOTIC: [8] Undefined index: child D:\wamp64\www\test5\Application\Runtime\Cache\Home\20fcf1166d016287cf4c09b169abf594.php 第 27 行.
NOTIC: [2] Invalid argument supplied for foreach() D:\wamp64\www\test5\Application\Runtime\Cache\Home\20fcf1166d016287cf4c09b169abf594.php 第 27 行.
NOTIC: [8] Undefined index: child D:\wamp64\www\test5\Application\Runtime\Cache\Home\20fcf1166d016287cf4c09b169abf594.php 第 27 行.
NOTIC: [2] Invalid argument supplied for foreach() D:\wamp64\www\test5\Application\Runtime\Cache\Home\20fcf1166d016287cf4c09b169abf594.php 第 27 行.
NOTIC: [8] Undefined index: child D:\wamp64\www\test5\Application\Runtime\Cache\Home\20fcf1166d016287cf4c09b169abf594.php 第 27 行.
NOTIC: [2] Invalid argument supplied for foreach() D:\wamp64\www\test5\Application\Runtime\Cache\Home\20fcf1166d016287cf4c09b169abf594.php 第 27 行.
INFO: Run Behavior\ParseTemplateBehavior [ RunTime:0.043236s ]
INFO: [ view_parse ] --END-- [ RunTime:0.043434s ]
INFO: [ view_filter ] --START--
INFO: Run Behavior\WriteHtmlCacheBehavior [ RunTime:0.001619s ]
INFO: [ view_filter ] --END-- [ RunTime:0.001796s ]
INFO: [ app_end ] --START--
INFO: Run Behavior\ShowPageTraceBehavior [ RunTime:0.003441s ]
INFO: [ app_end ] --END-- [ RunTime:0.003854s ]

[ 2019-02-06T14:39:48+08:00 ] ::1 /index.php/Home/Index_website.html/id/27
INFO: [ app_init ] --START--
INFO: Run Behavior\BuildLiteBehavior [ RunTime:0.000042s ]
INFO: [ app_init ] --END-- [ RunTime:0.001094s ]
INFO: [ app_begin ] --START--
INFO: Run Behavior\ReadHtmlCacheBehavior [ RunTime:0.001813s ]
INFO: [ app_begin ] --END-- [ RunTime:0.002082s ]
SQL: SHOW COLUMNS FROM `rr_configs` [ RunTime:0.0010s ]
SQL: SELECT * FROM `rr_configs` LIMIT 1   [ RunTime:0.0006s ]
SQL: SHOW COLUMNS FROM `rr_cateart` [ RunTime:0.0011s ]
SQL: SELECT * FROM `rr_cateart` ORDER BY sors asc  [ RunTime:0.0009s ]
SQL: SHOW COLUMNS FROM `rr_arts` [ RunTime:0.0009s ]
SQL: SHOW COLUMNS FROM `rr_cateart` [ RunTime:0.0007s ]
SQL: SHOW COLUMNS FROM `rr_arts` [ RunTime:0.0010s ]
SQL: SELECT COUNT(*) AS tp_count FROM rr_cateart Cateart LEFT JOIN rr_arts Arts ON Arts.catid=Cateart.id WHERE Arts.catid = '' LIMIT 1   [ RunTime:0.0004s ]
SQL: SELECT Cateart.id AS id,Cateart.pid AS pid,Cateart.catena AS catena,Cateart.uls AS uls,Cateart.sors AS sors,Cateart.tits AS tits,Cateart.descc AS descc,Cateart.kws AS kws,Cateart.typs AS typs,Cateart.arttem AS arttem,Arts.id AS id,Arts.timess AS timess,Arts.autos AS autos,Arts.shot AS shot,Arts.lart AS lart,Arts.kws AS kws,Arts.desccc AS desccc,Arts.artimg AS artimg,Arts.cons AS cons,Arts.bors AS bors,Arts.catid AS catid,Arts.updas AS updas FROM rr_cateart Cateart LEFT JOIN rr_arts Arts ON Arts.catid=Cateart.id WHERE Arts.catid = '' LIMIT 0,2   [ RunTime:0.0005s ]
ERR: 模板不存在:./Application/Home/View/Index_website.html_id.html

[ 2019-02-06T14:39:52+08:00 ] ::1 /index.php/Home/Index/about/id/44
INFO: [ app_init ] --START--
INFO: Run Behavior\BuildLiteBehavior [ RunTime:0.000040s ]
INFO: [ app_init ] --END-- [ RunTime:0.001149s ]
INFO: [ app_begin ] --START--
INFO: Run Behavior\ReadHtmlCacheBehavior [ RunTime:0.001799s ]
INFO: [ app_begin ] --END-- [ RunTime:0.002076s ]
SQL: SHOW COLUMNS FROM `rr_configs` [ RunTime:0.0011s ]
SQL: SELECT * FROM `rr_configs` LIMIT 1   [ RunTime:0.0004s ]
SQL: SHOW COLUMNS FROM `rr_cateart` [ RunTime:0.0008s ]
SQL: SELECT * FROM `rr_cateart` ORDER BY sors asc  [ RunTime:0.0007s ]
SQL: SHOW COLUMNS FROM `rr_arts` [ RunTime:0.0009s ]
SQL: SHOW COLUMNS FROM `rr_cateart` [ RunTime:0.0008s ]
SQL: SHOW COLUMNS FROM `rr_arts` [ RunTime:0.0008s ]
SQL: SELECT COUNT(*) AS tp_count FROM rr_cateart Cateart LEFT JOIN rr_arts Arts ON Arts.catid=Cateart.id WHERE Arts.catid = '44' LIMIT 1   [ RunTime:0.0006s ]
SQL: SELECT Cateart.id AS id,Cateart.pid AS pid,Cateart.catena AS catena,Cateart.uls AS uls,Cateart.sors AS sors,Cateart.tits AS tits,Cateart.descc AS descc,Cateart.kws AS kws,Cateart.typs AS typs,Cateart.arttem AS arttem,Arts.id AS id,Arts.timess AS timess,Arts.autos AS autos,Arts.shot AS shot,Arts.lart AS lart,Arts.kws AS kws,Arts.desccc AS desccc,Arts.artimg AS artimg,Arts.cons AS cons,Arts.bors AS bors,Arts.catid AS catid,Arts.updas AS updas FROM rr_cateart Cateart LEFT JOIN rr_arts Arts ON Arts.catid=Cateart.id WHERE Arts.catid = '44' LIMIT 0,2   [ RunTime:0.0006s ]
INFO: [ view_parse ] --START--
INFO: [ template_filter ] --START--
INFO: Run Behavior\ContentReplaceBehavior [ RunTime:0.000266s ]
INFO: [ template_filter ] --END-- [ RunTime:0.000466s ]
NOTIC: [8] Undefined index: child D:\wamp64\www\test5\Application\Runtime\Cache\Home\7281d32286e1f2beff6515a630a3622f.php 第 26 行.
NOTIC: [2] Invalid argument supplied for foreach() D:\wamp64\www\test5\Application\Runtime\Cache\Home\7281d32286e1f2beff6515a630a3622f.php 第 26 行.
NOTIC: [8] Undefined index: child D:\wamp64\www\test5\Application\Runtime\Cache\Home\7281d32286e1f2beff6515a630a3622f.php 第 26 行.
NOTIC: [2] Invalid argument supplied for foreach() D:\wamp64\www\test5\Application\Runtime\Cache\Home\7281d32286e1f2beff6515a630a3622f.php 第 26 行.
NOTIC: [8] Undefined index: child D:\wamp64\www\test5\Application\Runtime\Cache\Home\7281d32286e1f2beff6515a630a3622f.php 第 26 行.
NOTIC: [2] Invalid argument supplied for foreach() D:\wamp64\www\test5\Application\Runtime\Cache\Home\7281d32286e1f2beff6515a630a3622f.php 第 26 行.
INFO: Run Behavior\ParseTemplateBehavior [ RunTime:0.112334s ]
INFO: [ view_parse ] --END-- [ RunTime:0.112541s ]
INFO: [ view_filter ] --START--
INFO: Run Behavior\WriteHtmlCacheBehavior [ RunTime:0.001608s ]
INFO: [ view_filter ] --END-- [ RunTime:0.001785s ]
INFO: [ app_end ] --START--
INFO: Run Behavior\ShowPageTraceBehavior [ RunTime:0.002488s ]
INFO: [ app_end ] --END-- [ RunTime:0.002776s ]

[ 2019-02-06T14:39:53+08:00 ] ::1 /index.php/Home/Index/map
INFO: [ app_init ] --START--
INFO: Run Behavior\BuildLiteBehavior [ RunTime:0.000076s ]
INFO: [ app_init ] --END-- [ RunTime:0.004110s ]
INFO: [ app_begin ] --START--
INFO: Run Behavior\ReadHtmlCacheBehavior [ RunTime:0.001737s ]
INFO: [ app_begin ] --END-- [ RunTime:0.001955s ]
SQL: SHOW COLUMNS FROM `rr_configs` [ RunTime:0.0012s ]
SQL: SELECT * FROM `rr_configs` LIMIT 1   [ RunTime:0.0004s ]
SQL: SHOW COLUMNS FROM `rr_cateart` [ RunTime:0.0009s ]
SQL: SELECT * FROM `rr_cateart` ORDER BY sors asc  [ RunTime:0.0006s ]
SQL: SHOW COLUMNS FROM `rr_arts` [ RunTime:0.0010s ]
SQL: SHOW COLUMNS FROM `rr_cateart` [ RunTime:0.0007s ]
SQL: SHOW COLUMNS FROM `rr_arts` [ RunTime:0.0008s ]
SQL: SELECT COUNT(*) AS tp_count FROM rr_cateart Cateart LEFT JOIN rr_arts Arts ON Arts.catid=Cateart.id WHERE Arts.catid = '' LIMIT 1   [ RunTime:0.0005s ]
SQL: SELECT Cateart.id AS id,Cateart.pid AS pid,Cateart.catena AS catena,Cateart.uls AS uls,Cateart.sors AS sors,Cateart.tits AS tits,Cateart.descc AS descc,Cateart.kws AS kws,Cateart.typs AS typs,Cateart.arttem AS arttem,Arts.id AS id,Arts.timess AS timess,Arts.autos AS autos,Arts.shot AS shot,Arts.lart AS lart,Arts.kws AS kws,Arts.desccc AS desccc,Arts.artimg AS artimg,Arts.cons AS cons,Arts.bors AS bors,Arts.catid AS catid,Arts.updas AS updas FROM rr_cateart Cateart LEFT JOIN rr_arts Arts ON Arts.catid=Cateart.id WHERE Arts.catid = '' LIMIT 0,2   [ RunTime:0.0005s ]
INFO: [ view_parse ] --START--
INFO: [ template_filter ] --START--
INFO: Run Behavior\ContentReplaceBehavior [ RunTime:0.000157s ]
INFO: [ template_filter ] --END-- [ RunTime:0.000348s ]
INFO: Run Behavior\ParseTemplateBehavior [ RunTime:0.853791s ]
INFO: [ view_parse ] --END-- [ RunTime:0.854025s ]
INFO: [ view_filter ] --START--
INFO: Run Behavior\WriteHtmlCacheBehavior [ RunTime:0.001584s ]
INFO: [ view_filter ] --END-- [ RunTime:0.001772s ]
INFO: [ app_end ] --START--
INFO: Run Behavior\ShowPageTraceBehavior [ RunTime:0.002157s ]
INFO: [ app_end ] --END-- [ RunTime:0.002404s ]

[ 2019-02-06T14:39:55+08:00 ] ::1 /index.php/Home/Index/about/id/44
INFO: [ app_init ] --START--
INFO: Run Behavior\BuildLiteBehavior [ RunTime:0.000062s ]
INFO: [ app_init ] --END-- [ RunTime:0.001734s ]
INFO: [ app_begin ] --START--
INFO: Run Behavior\ReadHtmlCacheBehavior [ RunTime:0.002340s ]
INFO: [ app_begin ] --END-- [ RunTime:0.002680s ]
SQL: SHOW COLUMNS FROM `rr_configs` [ RunTime:0.0010s ]
SQL: SELECT * FROM `rr_configs` LIMIT 1   [ RunTime:0.0006s ]
SQL: SHOW COLUMNS FROM `rr_cateart` [ RunTime:0.0011s ]
SQL: SELECT * FROM `rr_cateart` ORDER BY sors asc  [ RunTime:0.0007s ]
SQL: SHOW COLUMNS FROM `rr_arts` [ RunTime:0.0011s ]
SQL: SHOW COLUMNS FROM `rr_cateart` [ RunTime:0.0009s ]
SQL: SHOW COLUMNS FROM `rr_arts` [ RunTime:0.0010s ]
SQL: SELECT COUNT(*) AS tp_count FROM rr_cateart Cateart LEFT JOIN rr_arts Arts ON Arts.catid=Cateart.id WHERE Arts.catid = '44' LIMIT 1   [ RunTime:0.0005s ]
SQL: SELECT Cateart.id AS id,Cateart.pid AS pid,Cateart.catena AS catena,Cateart.uls AS uls,Cateart.sors AS sors,Cateart.tits AS tits,Cateart.descc AS descc,Cateart.kws AS kws,Cateart.typs AS typs,Cateart.arttem AS arttem,Arts.id AS id,Arts.timess AS timess,Arts.autos AS autos,Arts.shot AS shot,Arts.lart AS lart,Arts.kws AS kws,Arts.desccc AS desccc,Arts.artimg AS artimg,Arts.cons AS cons,Arts.bors AS bors,Arts.catid AS catid,Arts.updas AS updas FROM rr_cateart Cateart LEFT JOIN rr_arts Arts ON Arts.catid=Cateart.id WHERE Arts.catid = '44' LIMIT 0,2   [ RunTime:0.0006s ]
INFO: [ view_parse ] --START--
INFO: [ template_filter ] --START--
INFO: Run Behavior\ContentReplaceBehavior [ RunTime:0.000253s ]
INFO: [ template_filter ] --END-- [ RunTime:0.000463s ]
NOTIC: [8] Undefined index: child D:\wamp64\www\test5\Application\Runtime\Cache\Home\7281d32286e1f2beff6515a630a3622f.php 第 26 行.
NOTIC: [2] Invalid argument supplied for foreach() D:\wamp64\www\test5\Application\Runtime\Cache\Home\7281d32286e1f2beff6515a630a3622f.php 第 26 行.
NOTIC: [8] Undefined index: child D:\wamp64\www\test5\Application\Runtime\Cache\Home\7281d32286e1f2beff6515a630a3622f.php 第 26 行.
NOTIC: [2] Invalid argument supplied for foreach() D:\wamp64\www\test5\Application\Runtime\Cache\Home\7281d32286e1f2beff6515a630a3622f.php 第 26 行.
NOTIC: [8] Undefined index: child D:\wamp64\www\test5\Application\Runtime\Cache\Home\7281d32286e1f2beff6515a630a3622f.php 第 26 行.
NOTIC: [2] Invalid argument supplied for foreach() D:\wamp64\www\test5\Application\Runtime\Cache\Home\7281d32286e1f2beff6515a630a3622f.php 第 26 行.
INFO: Run Behavior\ParseTemplateBehavior [ RunTime:0.049890s ]
INFO: [ view_parse ] --END-- [ RunTime:0.050209s ]
INFO: [ view_filter ] --START--
INFO: Run Behavior\WriteHtmlCacheBehavior [ RunTime:0.002210s ]
INFO: [ view_filter ] --END-- [ RunTime:0.002550s ]
INFO: [ app_end ] --START--
INFO: Run Behavior\ShowPageTraceBehavior [ RunTime:0.002564s ]
INFO: [ app_end ] --END-- [ RunTime:0.002938s ]

[ 2019-02-06T14:39:55+08:00 ] ::1 /index.php/Home/Index/map
INFO: [ app_init ] --START--
INFO: Run Behavior\BuildLiteBehavior [ RunTime:0.000043s ]
INFO: [ app_init ] --END-- [ RunTime:0.001578s ]
INFO: [ app_begin ] --START--
INFO: Run Behavior\ReadHtmlCacheBehavior [ RunTime:0.002138s ]
INFO: [ app_begin ] --END-- [ RunTime:0.002548s ]
SQL: SHOW COLUMNS FROM `rr_configs` [ RunTime:0.0010s ]
SQL: SELECT * FROM `rr_configs` LIMIT 1   [ RunTime:0.0004s ]
SQL: SHOW COLUMNS FROM `rr_cateart` [ RunTime:0.0009s ]
SQL: SELECT * FROM `rr_cateart` ORDER BY sors asc  [ RunTime:0.0007s ]
SQL: SHOW COLUMNS FROM `rr_arts` [ RunTime:0.0010s ]
SQL: SHOW COLUMNS FROM `rr_cateart` [ RunTime:0.0008s ]
SQL: SHOW COLUMNS FROM `rr_arts` [ RunTime:0.0008s ]
SQL: SELECT COUNT(*) AS tp_count FROM rr_cateart Cateart LEFT JOIN rr_arts Arts ON Arts.catid=Cateart.id WHERE Arts.catid = '' LIMIT 1   [ RunTime:0.0005s ]
SQL: SELECT Cateart.id AS id,Cateart.pid AS pid,Cateart.catena AS catena,Cateart.uls AS uls,Cateart.sors AS sors,Cateart.tits AS tits,Cateart.descc AS descc,Cateart.kws AS kws,Cateart.typs AS typs,Cateart.arttem AS arttem,Arts.id AS id,Arts.timess AS timess,Arts.autos AS autos,Arts.shot AS shot,Arts.lart AS lart,Arts.kws AS kws,Arts.desccc AS desccc,Arts.artimg AS artimg,Arts.cons AS cons,Arts.bors AS bors,Arts.catid AS catid,Arts.updas AS updas FROM rr_cateart Cateart LEFT JOIN rr_arts Arts ON Arts.catid=Cateart.id WHERE Arts.catid = '' LIMIT 0,2   [ RunTime:0.0007s ]
INFO: [ view_parse ] --START--
INFO: [ template_filter ] --START--
INFO: Run Behavior\ContentReplaceBehavior [ RunTime:0.000164s ]
INFO: [ template_filter ] --END-- [ RunTime:0.000378s ]
INFO: Run Behavior\ParseTemplateBehavior [ RunTime:0.024112s ]
INFO: [ view_parse ] --END-- [ RunTime:0.024399s ]
INFO: [ view_filter ] --START--
INFO: Run Behavior\WriteHtmlCacheBehavior [ RunTime:0.001598s ]
INFO: [ view_filter ] --END-- [ RunTime:0.001790s ]
INFO: [ app_end ] --START--
INFO: Run Behavior\ShowPageTraceBehavior [ RunTime:0.001393s ]
INFO: [ app_end ] --END-- [ RunTime:0.001603s ]

[ 2019-02-06T14:39:56+08:00 ] ::1 /index.php/Home/Index_map.html/id/40
INFO: [ app_init ] --START--
INFO: Run Behavior\BuildLiteBehavior [ RunTime:0.000074s ]
INFO: [ app_init ] --END-- [ RunTime:0.002664s ]
INFO: [ app_begin ] --START--
INFO: Run Behavior\ReadHtmlCacheBehavior [ RunTime:0.002797s ]
INFO: [ app_begin ] --END-- [ RunTime:0.003157s ]
SQL: SHOW COLUMNS FROM `rr_configs` [ RunTime:0.0013s ]
SQL: SELECT * FROM `rr_configs` LIMIT 1   [ RunTime:0.0006s ]
SQL: SHOW COLUMNS FROM `rr_cateart` [ RunTime:0.0013s ]
SQL: SELECT * FROM `rr_cateart` ORDER BY sors asc  [ RunTime:0.0011s ]
SQL: SHOW COLUMNS FROM `rr_arts` [ RunTime:0.0011s ]
SQL: SHOW COLUMNS FROM `rr_cateart` [ RunTime:0.0009s ]
SQL: SHOW COLUMNS FROM `rr_arts` [ RunTime:0.0010s ]
SQL: SELECT COUNT(*) AS tp_count FROM rr_cateart Cateart LEFT JOIN rr_arts Arts ON Arts.catid=Cateart.id WHERE Arts.catid = '' LIMIT 1   [ RunTime:0.0005s ]
SQL: SELECT Cateart.id AS id,Cateart.pid AS pid,Cateart.catena AS catena,Cateart.uls AS uls,Cateart.sors AS sors,Cateart.tits AS tits,Cateart.descc AS descc,Cateart.kws AS kws,Cateart.typs AS typs,Cateart.arttem AS arttem,Arts.id AS id,Arts.timess AS timess,Arts.autos AS autos,Arts.shot AS shot,Arts.lart AS lart,Arts.kws AS kws,Arts.desccc AS desccc,Arts.artimg AS artimg,Arts.cons AS cons,Arts.bors AS bors,Arts.catid AS catid,Arts.updas AS updas FROM rr_cateart Cateart LEFT JOIN rr_arts Arts ON Arts.catid=Cateart.id WHERE Arts.catid = '' LIMIT 0,2   [ RunTime:0.0006s ]
ERR: 模板不存在:./Application/Home/View/Index_map.html_id.html

[ 2019-02-06T14:40:05+08:00 ] ::1 /index.php/Home/Index_map/id/40
INFO: [ app_init ] --START--
INFO: Run Behavior\BuildLiteBehavior [ RunTime:0.000041s ]
INFO: [ app_init ] --END-- [ RunTime:0.001310s ]
INFO: [ app_begin ] --START--
INFO: Run Behavior\ReadHtmlCacheBehavior [ RunTime:0.001407s ]
INFO: [ app_begin ] --END-- [ RunTime:0.001661s ]
SQL: SHOW COLUMNS FROM `rr_configs` [ RunTime:0.0010s ]
SQL: SELECT * FROM `rr_configs` LIMIT 1   [ RunTime:0.0004s ]
SQL: SHOW COLUMNS FROM `rr_cateart` [ RunTime:0.0015s ]
SQL: SELECT * FROM `rr_cateart` ORDER BY sors asc  [ RunTime:0.0007s ]
SQL: SHOW COLUMNS FROM `rr_arts` [ RunTime:0.0009s ]
SQL: SHOW COLUMNS FROM `rr_cateart` [ RunTime:0.0007s ]
SQL: SHOW COLUMNS FROM `rr_arts` [ RunTime:0.0008s ]
SQL: SELECT COUNT(*) AS tp_count FROM rr_cateart Cateart LEFT JOIN rr_arts Arts ON Arts.catid=Cateart.id WHERE Arts.catid = '' LIMIT 1   [ RunTime:0.0005s ]
SQL: SELECT Cateart.id AS id,Cateart.pid AS pid,Cateart.catena AS catena,Cateart.uls AS uls,Cateart.sors AS sors,Cateart.tits AS tits,Cateart.descc AS descc,Cateart.kws AS kws,Cateart.typs AS typs,Cateart.arttem AS arttem,Arts.id AS id,Arts.timess AS timess,Arts.autos AS autos,Arts.shot AS shot,Arts.lart AS lart,Arts.kws AS kws,Arts.desccc AS desccc,Arts.artimg AS artimg,Arts.cons AS cons,Arts.bors AS bors,Arts.catid AS catid,Arts.updas AS updas FROM rr_cateart Cateart LEFT JOIN rr_arts Arts ON Arts.catid=Cateart.id WHERE Arts.catid = '' LIMIT 0,2   [ RunTime:0.0007s ]
ERR: 模板不存在:./Application/Home/View/Index_map_id.html

[ 2019-02-06T14:40:15+08:00 ] ::1 /index.php/Home/Index/map/id/40
INFO: [ app_init ] --START--
INFO: Run Behavior\BuildLiteBehavior [ RunTime:0.000041s ]
INFO: [ app_init ] --END-- [ RunTime:0.001456s ]
INFO: [ app_begin ] --START--
INFO: Run Behavior\ReadHtmlCacheBehavior [ RunTime:0.002539s ]
INFO: [ app_begin ] --END-- [ RunTime:0.002779s ]
SQL: SHOW COLUMNS FROM `rr_configs` [ RunTime:0.0011s ]
SQL: SELECT * FROM `rr_configs` LIMIT 1   [ RunTime:0.0004s ]
SQL: SHOW COLUMNS FROM `rr_cateart` [ RunTime:0.0010s ]
SQL: SELECT * FROM `rr_cateart` ORDER BY sors asc  [ RunTime:0.0011s ]
SQL: SHOW COLUMNS FROM `rr_arts` [ RunTime:0.0009s ]
SQL: SHOW COLUMNS FROM `rr_cateart` [ RunTime:0.0010s ]
SQL: SHOW COLUMNS FROM `rr_arts` [ RunTime:0.0010s ]
SQL: SELECT COUNT(*) AS tp_count FROM rr_cateart Cateart LEFT JOIN rr_arts Arts ON Arts.catid=Cateart.id WHERE Arts.catid = '40' LIMIT 1   [ RunTime:0.0006s ]
SQL: SELECT Cateart.id AS id,Cateart.pid AS pid,Cateart.catena AS catena,Cateart.uls AS uls,Cateart.sors AS sors,Cateart.tits AS tits,Cateart.descc AS descc,Cateart.kws AS kws,Cateart.typs AS typs,Cateart.arttem AS arttem,Arts.id AS id,Arts.timess AS timess,Arts.autos AS autos,Arts.shot AS shot,Arts.lart AS lart,Arts.kws AS kws,Arts.desccc AS desccc,Arts.artimg AS artimg,Arts.cons AS cons,Arts.bors AS bors,Arts.catid AS catid,Arts.updas AS updas FROM rr_cateart Cateart LEFT JOIN rr_arts Arts ON Arts.catid=Cateart.id WHERE Arts.catid = '40' LIMIT 0,2   [ RunTime:0.0006s ]
INFO: [ view_parse ] --START--
INFO: [ template_filter ] --START--
INFO: Run Behavior\ContentReplaceBehavior [ RunTime:0.000161s ]
INFO: [ template_filter ] --END-- [ RunTime:0.000374s ]
INFO: Run Behavior\ParseTemplateBehavior [ RunTime:0.022895s ]
INFO: [ view_parse ] --END-- [ RunTime:0.023112s ]
INFO: [ view_filter ] --START--
INFO: Run Behavior\WriteHtmlCacheBehavior [ RunTime:0.002295s ]
INFO: [ view_filter ] --END-- [ RunTime:0.002474s ]
INFO: [ app_end ] --START--
INFO: Run Behavior\ShowPageTraceBehavior [ RunTime:0.002352s ]
INFO: [ app_end ] --END-- [ RunTime:0.002536s ]

[ 2019-02-06T14:40:18+08:00 ] ::1 /index.php/Home/Index_map/id/40
INFO: [ app_init ] --START--
INFO: Run Behavior\BuildLiteBehavior [ RunTime:0.000041s ]
INFO: [ app_init ] --END-- [ RunTime:0.001380s ]
INFO: [ app_begin ] --START--
INFO: Run Behavior\ReadHtmlCacheBehavior [ RunTime:0.003308s ]
INFO: [ app_begin ] --END-- [ RunTime:0.003552s ]
SQL: SHOW COLUMNS FROM `rr_configs` [ RunTime:0.0011s ]
SQL: SELECT * FROM `rr_configs` LIMIT 1   [ RunTime:0.0005s ]
SQL: SHOW COLUMNS FROM `rr_cateart` [ RunTime:0.0012s ]
SQL: SELECT * FROM `rr_cateart` ORDER BY sors asc  [ RunTime:0.0014s ]
SQL: SHOW COLUMNS FROM `rr_arts` [ RunTime:0.0009s ]
SQL: SHOW COLUMNS FROM `rr_cateart` [ RunTime:0.0008s ]
SQL: SHOW COLUMNS FROM `rr_arts` [ RunTime:0.0008s ]
SQL: SELECT COUNT(*) AS tp_count FROM rr_cateart Cateart LEFT JOIN rr_arts Arts ON Arts.catid=Cateart.id WHERE Arts.catid = '' LIMIT 1   [ RunTime:0.0005s ]
SQL: SELECT Cateart.id AS id,Cateart.pid AS pid,Cateart.catena AS catena,Cateart.uls AS uls,Cateart.sors AS sors,Cateart.tits AS tits,Cateart.descc AS descc,Cateart.kws AS kws,Cateart.typs AS typs,Cateart.arttem AS arttem,Arts.id AS id,Arts.timess AS timess,Arts.autos AS autos,Arts.shot AS shot,Arts.lart AS lart,Arts.kws AS kws,Arts.desccc AS desccc,Arts.artimg AS artimg,Arts.cons AS cons,Arts.bors AS bors,Arts.catid AS catid,Arts.updas AS updas FROM rr_cateart Cateart LEFT JOIN rr_arts Arts ON Arts.catid=Cateart.id WHERE Arts.catid = '' LIMIT 0,2   [ RunTime:0.0005s ]
ERR: 模板不存在:./Application/Home/View/Index_map_id.html

[ 2019-02-06T14:40:22+08:00 ] ::1 /index.php/Home/Index_map.html/id/40
INFO: [ app_init ] --START--
INFO: Run Behavior\BuildLiteBehavior [ RunTime:0.000065s ]
INFO: [ app_init ] --END-- [ RunTime:0.001563s ]
INFO: [ app_begin ] --START--
INFO: Run Behavior\ReadHtmlCacheBehavior [ RunTime:0.002765s ]
INFO: [ app_begin ] --END-- [ RunTime:0.003039s ]
SQL: SHOW COLUMNS FROM `rr_configs` [ RunTime:0.0012s ]
SQL: SELECT * FROM `rr_configs` LIMIT 1   [ RunTime:0.0005s ]
SQL: SHOW COLUMNS FROM `rr_cateart` [ RunTime:0.0013s ]
SQL: SELECT * FROM `rr_cateart` ORDER BY sors asc  [ RunTime:0.0008s ]
SQL: SHOW COLUMNS FROM `rr_arts` [ RunTime:0.0009s ]
SQL: SHOW COLUMNS FROM `rr_cateart` [ RunTime:0.0018s ]
SQL: SHOW COLUMNS FROM `rr_arts` [ RunTime:0.0009s ]
SQL: SELECT COUNT(*) AS tp_count FROM rr_cateart Cateart LEFT JOIN rr_arts Arts ON Arts.catid=Cateart.id WHERE Arts.catid = '' LIMIT 1   [ RunTime:0.0005s ]
SQL: SELECT Cateart.id AS id,Cateart.pid AS pid,Cateart.catena AS catena,Cateart.uls AS uls,Cateart.sors AS sors,Cateart.tits AS tits,Cateart.descc AS descc,Cateart.kws AS kws,Cateart.typs AS typs,Cateart.arttem AS arttem,Arts.id AS id,Arts.timess AS timess,Arts.autos AS autos,Arts.shot AS shot,Arts.lart AS lart,Arts.kws AS kws,Arts.desccc AS desccc,Arts.artimg AS artimg,Arts.cons AS cons,Arts.bors AS bors,Arts.catid AS catid,Arts.updas AS updas FROM rr_cateart Cateart LEFT JOIN rr_arts Arts ON Arts.catid=Cateart.id WHERE Arts.catid = '' LIMIT 0,2   [ RunTime:0.0006s ]
ERR: 模板不存在:./Application/Home/View/Index_map.html_id.html

[ 2019-02-06T14:40:24+08:00 ] ::1 /index.php/Home/Index/about/id/44
INFO: [ app_init ] --START--
INFO: Run Behavior\BuildLiteBehavior [ RunTime:0.000065s ]
INFO: [ app_init ] --END-- [ RunTime:0.001485s ]
INFO: [ app_begin ] --START--
INFO: Run Behavior\ReadHtmlCacheBehavior [ RunTime:0.002811s ]
INFO: [ app_begin ] --END-- [ RunTime:0.003082s ]
SQL: SHOW COLUMNS FROM `rr_configs` [ RunTime:0.0010s ]
SQL: SELECT * FROM `rr_configs` LIMIT 1   [ RunTime:0.0004s ]
SQL: SHOW COLUMNS FROM `rr_cateart` [ RunTime:0.0008s ]
SQL: SELECT * FROM `rr_cateart` ORDER BY sors asc  [ RunTime:0.0008s ]
SQL: SHOW COLUMNS FROM `rr_arts` [ RunTime:0.0010s ]
SQL: SHOW COLUMNS FROM `rr_cateart` [ RunTime:0.0008s ]
SQL: SHOW COLUMNS FROM `rr_arts` [ RunTime:0.0008s ]
SQL: SELECT COUNT(*) AS tp_count FROM rr_cateart Cateart LEFT JOIN rr_arts Arts ON Arts.catid=Cateart.id WHERE Arts.catid = '44' LIMIT 1   [ RunTime:0.0005s ]
SQL: SELECT Cateart.id AS id,Cateart.pid AS pid,Cateart.catena AS catena,Cateart.uls AS uls,Cateart.sors AS sors,Cateart.tits AS tits,Cateart.descc AS descc,Cateart.kws AS kws,Cateart.typs AS typs,Cateart.arttem AS arttem,Arts.id AS id,Arts.timess AS timess,Arts.autos AS autos,Arts.shot AS shot,Arts.lart AS lart,Arts.kws AS kws,Arts.desccc AS desccc,Arts.artimg AS artimg,Arts.cons AS cons,Arts.bors AS bors,Arts.catid AS catid,Arts.updas AS updas FROM rr_cateart Cateart LEFT JOIN rr_arts Arts ON Arts.catid=Cateart.id WHERE Arts.catid = '44' LIMIT 0,2   [ RunTime:0.0006s ]
INFO: [ view_parse ] --START--
INFO: [ template_filter ] --START--
INFO: Run Behavior\ContentReplaceBehavior [ RunTime:0.000257s ]
INFO: [ template_filter ] --END-- [ RunTime:0.000451s ]
NOTIC: [8] Undefined index: child D:\wamp64\www\test5\Application\Runtime\Cache\Home\7281d32286e1f2beff6515a630a3622f.php 第 26 行.
NOTIC: [2] Invalid argument supplied for foreach() D:\wamp64\www\test5\Application\Runtime\Cache\Home\7281d32286e1f2beff6515a630a3622f.php 第 26 行.
NOTIC: [8] Undefined index: child D:\wamp64\www\test5\Application\Runtime\Cache\Home\7281d32286e1f2beff6515a630a3622f.php 第 26 行.
NOTIC: [2] Invalid argument supplied for foreach() D:\wamp64\www\test5\Application\Runtime\Cache\Home\7281d32286e1f2beff6515a630a3622f.php 第 26 行.
NOTIC: [8] Undefined index: child D:\wamp64\www\test5\Application\Runtime\Cache\Home\7281d32286e1f2beff6515a630a3622f.php 第 26 行.
NOTIC: [2] Invalid argument supplied for foreach() D:\wamp64\www\test5\Application\Runtime\Cache\Home\7281d32286e1f2beff6515a630a3622f.php 第 26 行.
INFO: Run Behavior\ParseTemplateBehavior [ RunTime:0.046760s ]
INFO: [ view_parse ] --END-- [ RunTime:0.046955s ]
INFO: [ view_filter ] --START--
INFO: Run Behavior\WriteHtmlCacheBehavior [ RunTime:0.002310s ]
INFO: [ view_filter ] --END-- [ RunTime:0.002490s ]
INFO: [ app_end ] --START--
INFO: Run Behavior\ShowPageTraceBehavior [ RunTime:0.004029s ]
INFO: [ app_end ] --END-- [ RunTime:0.004542s ]

[ 2019-02-06T14:40:25+08:00 ] ::1 /index.php/Home/Index/map
INFO: [ app_init ] --START--
INFO: Run Behavior\BuildLiteBehavior [ RunTime:0.000044s ]
INFO: [ app_init ] --END-- [ RunTime:0.001521s ]
INFO: [ app_begin ] --START--
INFO: Run Behavior\ReadHtmlCacheBehavior [ RunTime:0.003228s ]
INFO: [ app_begin ] --END-- [ RunTime:0.003472s ]
SQL: SHOW COLUMNS FROM `rr_configs` [ RunTime:0.0009s ]
SQL: SELECT * FROM `rr_configs` LIMIT 1   [ RunTime:0.0004s ]
SQL: SHOW COLUMNS FROM `rr_cateart` [ RunTime:0.0013s ]
SQL: SELECT * FROM `rr_cateart` ORDER BY sors asc  [ RunTime:0.0008s ]
SQL: SHOW COLUMNS FROM `rr_arts` [ RunTime:0.0018s ]
SQL: SHOW COLUMNS FROM `rr_cateart` [ RunTime:0.0016s ]
SQL: SHOW COLUMNS FROM `rr_arts` [ RunTime:0.0008s ]
SQL: SELECT COUNT(*) AS tp_count FROM rr_cateart Cateart LEFT JOIN rr_arts Arts ON Arts.catid=Cateart.id WHERE Arts.catid = '' LIMIT 1   [ RunTime:0.0004s ]
SQL: SELECT Cateart.id AS id,Cateart.pid AS pid,Cateart.catena AS catena,Cateart.uls AS uls,Cateart.sors AS sors,Cateart.tits AS tits,Cateart.descc AS descc,Cateart.kws AS kws,Cateart.typs AS typs,Cateart.arttem AS arttem,Arts.id AS id,Arts.timess AS timess,Arts.autos AS autos,Arts.shot AS shot,Arts.lart AS lart,Arts.kws AS kws,Arts.desccc AS desccc,Arts.artimg AS artimg,Arts.cons AS cons,Arts.bors AS bors,Arts.catid AS catid,Arts.updas AS updas FROM rr_cateart Cateart LEFT JOIN rr_arts Arts ON Arts.catid=Cateart.id WHERE Arts.catid = '' LIMIT 0,2   [ RunTime:0.0005s ]
INFO: [ view_parse ] --START--
INFO: [ template_filter ] --START--
INFO: Run Behavior\ContentReplaceBehavior [ RunTime:0.000158s ]
INFO: [ template_filter ] --END-- [ RunTime:0.000359s ]
INFO: Run Behavior\ParseTemplateBehavior [ RunTime:0.023320s ]
INFO: [ view_parse ] --END-- [ RunTime:0.023567s ]
INFO: [ view_filter ] --START--
INFO: Run Behavior\WriteHtmlCacheBehavior [ RunTime:0.002137s ]
INFO: [ view_filter ] --END-- [ RunTime:0.002325s ]
INFO: [ app_end ] --START--
INFO: Run Behavior\ShowPageTraceBehavior [ RunTime:0.002344s ]
INFO: [ app_end ] --END-- [ RunTime:0.002542s ]

[ 2019-02-06T14:40:26+08:00 ] ::1 /index.php/Home/List/export/id/35
INFO: [ app_init ] --START--
INFO: Run Behavior\BuildLiteBehavior [ RunTime:0.000042s ]
INFO: [ app_init ] --END-- [ RunTime:0.001543s ]
INFO: [ app_begin ] --START--
INFO: Run Behavior\ReadHtmlCacheBehavior [ RunTime:0.002331s ]
INFO: [ app_begin ] --END-- [ RunTime:0.002543s ]
SQL: SHOW COLUMNS FROM `rr_configs` [ RunTime:0.0012s ]
SQL: SELECT * FROM `rr_configs` LIMIT 1   [ RunTime:0.0004s ]
SQL: SHOW COLUMNS FROM `rr_cateart` [ RunTime:0.0009s ]
SQL: SELECT * FROM `rr_cateart` ORDER BY sors asc  [ RunTime:0.0007s ]
SQL: SHOW COLUMNS FROM `rr_arts` [ RunTime:0.0010s ]
SQL: SHOW COLUMNS FROM `rr_cateart` [ RunTime:0.0014s ]
SQL: SHOW COLUMNS FROM `rr_arts` [ RunTime:0.0011s ]
SQL: SELECT COUNT(*) AS tp_count FROM rr_cateart Cateart LEFT JOIN rr_arts Arts ON Arts.catid=Cateart.id WHERE Arts.catid = '35' LIMIT 1   [ RunTime:0.0006s ]
SQL: SELECT Cateart.id AS id,Cateart.pid AS pid,Cateart.catena AS catena,Cateart.uls AS uls,Cateart.sors AS sors,Cateart.tits AS tits,Cateart.descc AS descc,Cateart.kws AS kws,Cateart.typs AS typs,Cateart.arttem AS arttem,Arts.id AS id,Arts.timess AS timess,Arts.autos AS autos,Arts.shot AS shot,Arts.lart AS lart,Arts.kws AS kws,Arts.desccc AS desccc,Arts.artimg AS artimg,Arts.cons AS cons,Arts.bors AS bors,Arts.catid AS catid,Arts.updas AS updas FROM rr_cateart Cateart LEFT JOIN rr_arts Arts ON Arts.catid=Cateart.id WHERE Arts.catid = '35' LIMIT 0,2   [ RunTime:0.0008s ]
INFO: [ view_parse ] --START--
INFO: [ template_filter ] --START--
INFO: Run Behavior\ContentReplaceBehavior [ RunTime:0.000189s ]
INFO: [ template_filter ] --END-- [ RunTime:0.000398s ]
NOTIC: [8] Undefined index: child D:\wamp64\www\test5\Application\Runtime\Cache\Home\20fcf1166d016287cf4c09b169abf594.php 第 27 行.
NOTIC: [2] Invalid argument supplied for foreach() D:\wamp64\www\test5\Application\Runtime\Cache\Home\20fcf1166d016287cf4c09b169abf594.php 第 27 行.
NOTIC: [8] Undefined index: child D:\wamp64\www\test5\Application\Runtime\Cache\Home\20fcf1166d016287cf4c09b169abf594.php 第 27 行.
NOTIC: [2] Invalid argument supplied for foreach() D:\wamp64\www\test5\Application\Runtime\Cache\Home\20fcf1166d016287cf4c09b169abf594.php 第 27 行.
NOTIC: [8] Undefined index: child D:\wamp64\www\test5\Application\Runtime\Cache\Home\20fcf1166d016287cf4c09b169abf594.php 第 27 行.
NOTIC: [2] Invalid argument supplied for foreach() D:\wamp64\www\test5\Application\Runtime\Cache\Home\20fcf1166d016287cf4c09b169abf594.php 第 27 行.
INFO: Run Behavior\ParseTemplateBehavior [ RunTime:0.029955s ]
INFO: [ view_parse ] --END-- [ RunTime:0.030239s ]
INFO: [ view_filter ] --START--
INFO: Run Behavior\WriteHtmlCacheBehavior [ RunTime:0.002036s ]
INFO: [ view_filter ] --END-- [ RunTime:0.002215s ]
INFO: [ app_end ] --START--
INFO: Run Behavior\ShowPageTraceBehavior [ RunTime:0.003535s ]
INFO: [ app_end ] --END-- [ RunTime:0.003809s ]

[ 2019-02-06T14:40:29+08:00 ] ::1 /index.php/Home/Index/about/id/44
INFO: [ app_init ] --START--
INFO: Run Behavior\BuildLiteBehavior [ RunTime:0.000043s ]
INFO: [ app_init ] --END-- [ RunTime:0.001401s ]
INFO: [ app_begin ] --START--
INFO: Run Behavior\ReadHtmlCacheBehavior [ RunTime:0.003573s ]
INFO: [ app_begin ] --END-- [ RunTime:0.003804s ]
SQL: SHOW COLUMNS FROM `rr_configs` [ RunTime:0.0011s ]
SQL: SELECT * FROM `rr_configs` LIMIT 1   [ RunTime:0.0004s ]
SQL: SHOW COLUMNS FROM `rr_cateart` [ RunTime:0.0017s ]
SQL: SELECT * FROM `rr_cateart` ORDER BY sors asc  [ RunTime:0.0008s ]
SQL: SHOW COLUMNS FROM `rr_arts` [ RunTime:0.0010s ]
SQL: SHOW COLUMNS FROM `rr_cateart` [ RunTime:0.0008s ]
SQL: SHOW COLUMNS FROM `rr_arts` [ RunTime:0.0008s ]
SQL: SELECT COUNT(*) AS tp_count FROM rr_cateart Cateart LEFT JOIN rr_arts Arts ON Arts.catid=Cateart.id WHERE Arts.catid = '44' LIMIT 1   [ RunTime:0.0005s ]
SQL: SELECT Cateart.id AS id,Cateart.pid AS pid,Cateart.catena AS catena,Cateart.uls AS uls,Cateart.sors AS sors,Cateart.tits AS tits,Cateart.descc AS descc,Cateart.kws AS kws,Cateart.typs AS typs,Cateart.arttem AS arttem,Arts.id AS id,Arts.timess AS timess,Arts.autos AS autos,Arts.shot AS shot,Arts.lart AS lart,Arts.kws AS kws,Arts.desccc AS desccc,Arts.artimg AS artimg,Arts.cons AS cons,Arts.bors AS bors,Arts.catid AS catid,Arts.updas AS updas FROM rr_cateart Cateart LEFT JOIN rr_arts Arts ON Arts.catid=Cateart.id WHERE Arts.catid = '44' LIMIT 0,2   [ RunTime:0.0006s ]
INFO: [ view_parse ] --START--
INFO: [ template_filter ] --START--
INFO: Run Behavior\ContentReplaceBehavior [ RunTime:0.000254s ]
INFO: [ template_filter ] --END-- [ RunTime:0.000457s ]
NOTIC: [8] Undefined index: child D:\wamp64\www\test5\Application\Runtime\Cache\Home\7281d32286e1f2beff6515a630a3622f.php 第 26 行.
NOTIC: [2] Invalid argument supplied for foreach() D:\wamp64\www\test5\Application\Runtime\Cache\Home\7281d32286e1f2beff6515a630a3622f.php 第 26 行.
NOTIC: [8] Undefined index: child D:\wamp64\www\test5\Application\Runtime\Cache\Home\7281d32286e1f2beff6515a630a3622f.php 第 26 行.
NOTIC: [2] Invalid argument supplied for foreach() D:\wamp64\www\test5\Application\Runtime\Cache\Home\7281d32286e1f2beff6515a630a3622f.php 第 26 行.
NOTIC: [8] Undefined index: child D:\wamp64\www\test5\Application\Runtime\Cache\Home\7281d32286e1f2beff6515a630a3622f.php 第 26 行.
NOTIC: [2] Invalid argument supplied for foreach() D:\wamp64\www\test5\Application\Runtime\Cache\Home\7281d32286e1f2beff6515a630a3622f.php 第 26 行.
INFO: Run Behavior\ParseTemplateBehavior [ RunTime:0.095697s ]
INFO: [ view_parse ] --END-- [ RunTime:0.095960s ]
INFO: [ view_filter ] --START--
INFO: Run Behavior\WriteHtmlCacheBehavior [ RunTime:0.002062s ]
INFO: [ view_filter ] --END-- [ RunTime:0.002271s ]
INFO: [ app_end ] --START--
INFO: Run Behavior\ShowPageTraceBehavior [ RunTime:0.003898s ]
INFO: [ app_end ] --END-- [ RunTime:0.004199s ]

[ 2019-02-06T14:40:29+08:00 ] ::1 /index.php/Home/Index/map
INFO: [ app_init ] --START--
INFO: Run Behavior\BuildLiteBehavior [ RunTime:0.000044s ]
INFO: [ app_init ] --END-- [ RunTime:0.001505s ]
INFO: [ app_begin ] --START--
INFO: Run Behavior\ReadHtmlCacheBehavior [ RunTime:0.002509s ]
INFO: [ app_begin ] --END-- [ RunTime:0.002735s ]
SQL: SHOW COLUMNS FROM `rr_configs` [ RunTime:0.0017s ]
SQL: SELECT * FROM `rr_configs` LIMIT 1   [ RunTime:0.0004s ]
SQL: SHOW COLUMNS FROM `rr_cateart` [ RunTime:0.0011s ]
SQL: SELECT * FROM `rr_cateart` ORDER BY sors asc  [ RunTime:0.0009s ]
SQL: SHOW COLUMNS FROM `rr_arts` [ RunTime:0.0010s ]
SQL: SHOW COLUMNS FROM `rr_cateart` [ RunTime:0.0010s ]
SQL: SHOW COLUMNS FROM `rr_arts` [ RunTime:0.0009s ]
SQL: SELECT COUNT(*) AS tp_count FROM rr_cateart Cateart LEFT JOIN rr_arts Arts ON Arts.catid=Cateart.id WHERE Arts.catid = '' LIMIT 1   [ RunTime:0.0006s ]
SQL: SELECT Cateart.id AS id,Cateart.pid AS pid,Cateart.catena AS catena,Cateart.uls AS uls,Cateart.sors AS sors,Cateart.tits AS tits,Cateart.descc AS descc,Cateart.kws AS kws,Cateart.typs AS typs,Cateart.arttem AS arttem,Arts.id AS id,Arts.timess AS timess,Arts.autos AS autos,Arts.shot AS shot,Arts.lart AS lart,Arts.kws AS kws,Arts.desccc AS desccc,Arts.artimg AS artimg,Arts.cons AS cons,Arts.bors AS bors,Arts.catid AS catid,Arts.updas AS updas FROM rr_cateart Cateart LEFT JOIN rr_arts Arts ON Arts.catid=Cateart.id WHERE Arts.catid = '' LIMIT 0,2   [ RunTime:0.0005s ]
INFO: [ view_parse ] --START--
INFO: [ template_filter ] --START--
INFO: Run Behavior\ContentReplaceBehavior [ RunTime:0.000157s ]
INFO: [ template_filter ] --END-- [ RunTime:0.000352s ]
INFO: Run Behavior\ParseTemplateBehavior [ RunTime:0.020451s ]
INFO: [ view_parse ] --END-- [ RunTime:0.020676s ]
INFO: [ view_filter ] --START--
INFO: Run Behavior\WriteHtmlCacheBehavior [ RunTime:0.001959s ]
INFO: [ view_filter ] --END-- [ RunTime:0.002142s ]
INFO: [ app_end ] --START--
INFO: Run Behavior\ShowPageTraceBehavior [ RunTime:0.002346s ]
INFO: [ app_end ] --END-- [ RunTime:0.002550s ]

[ 2019-02-06T14:40:31+08:00 ] ::1 /index.php/Home/List/export/id/35
INFO: [ app_init ] --START--
INFO: Run Behavior\BuildLiteBehavior [ RunTime:0.000043s ]
INFO: [ app_init ] --END-- [ RunTime:0.001507s ]
INFO: [ app_begin ] --START--
INFO: Run Behavior\ReadHtmlCacheBehavior [ RunTime:0.002380s ]
INFO: [ app_begin ] --END-- [ RunTime:0.002604s ]
SQL: SHOW COLUMNS FROM `rr_configs` [ RunTime:0.0012s ]
SQL: SELECT * FROM `rr_configs` LIMIT 1   [ RunTime:0.0005s ]
SQL: SHOW COLUMNS FROM `rr_cateart` [ RunTime:0.0012s ]
SQL: SELECT * FROM `rr_cateart` ORDER BY sors asc  [ RunTime:0.0010s ]
SQL: SHOW COLUMNS FROM `rr_arts` [ RunTime:0.0011s ]
SQL: SHOW COLUMNS FROM `rr_cateart` [ RunTime:0.0009s ]
SQL: SHOW COLUMNS FROM `rr_arts` [ RunTime:0.0008s ]
SQL: SELECT COUNT(*) AS tp_count FROM rr_cateart Cateart LEFT JOIN rr_arts Arts ON Arts.catid=Cateart.id WHERE Arts.catid = '35' LIMIT 1   [ RunTime:0.0005s ]
SQL: SELECT Cateart.id AS id,Cateart.pid AS pid,Cateart.catena AS catena,Cateart.uls AS uls,Cateart.sors AS sors,Cateart.tits AS tits,Cateart.descc AS descc,Cateart.kws AS kws,Cateart.typs AS typs,Cateart.arttem AS arttem,Arts.id AS id,Arts.timess AS timess,Arts.autos AS autos,Arts.shot AS shot,Arts.lart AS lart,Arts.kws AS kws,Arts.desccc AS desccc,Arts.artimg AS artimg,Arts.cons AS cons,Arts.bors AS bors,Arts.catid AS catid,Arts.updas AS updas FROM rr_cateart Cateart LEFT JOIN rr_arts Arts ON Arts.catid=Cateart.id WHERE Arts.catid = '35' LIMIT 0,2   [ RunTime:0.0007s ]
INFO: [ view_parse ] --START--
INFO: [ template_filter ] --START--
INFO: Run Behavior\ContentReplaceBehavior [ RunTime:0.000295s ]
INFO: [ template_filter ] --END-- [ RunTime:0.000620s ]
NOTIC: [8] Undefined index: child D:\wamp64\www\test5\Application\Runtime\Cache\Home\20fcf1166d016287cf4c09b169abf594.php 第 27 行.
NOTIC: [2] Invalid argument supplied for foreach() D:\wamp64\www\test5\Application\Runtime\Cache\Home\20fcf1166d016287cf4c09b169abf594.php 第 27 行.
NOTIC: [8] Undefined index: child D:\wamp64\www\test5\Application\Runtime\Cache\Home\20fcf1166d016287cf4c09b169abf594.php 第 27 行.
NOTIC: [2] Invalid argument supplied for foreach() D:\wamp64\www\test5\Application\Runtime\Cache\Home\20fcf1166d016287cf4c09b169abf594.php 第 27 行.
NOTIC: [8] Undefined index: child D:\wamp64\www\test5\Application\Runtime\Cache\Home\20fcf1166d016287cf4c09b169abf594.php 第 27 行.
NOTIC: [2] Invalid argument supplied for foreach() D:\wamp64\www\test5\Application\Runtime\Cache\Home\20fcf1166d016287cf4c09b169abf594.php 第 27 行.
INFO: Run Behavior\ParseTemplateBehavior [ RunTime:0.034387s ]
INFO: [ view_parse ] --END-- [ RunTime:0.034588s ]
INFO: [ view_filter ] --START--
INFO: Run Behavior\WriteHtmlCacheBehavior [ RunTime:0.002066s ]
INFO: [ view_filter ] --END-- [ RunTime:0.002268s ]
INFO: [ app_end ] --START--
INFO: Run Behavior\ShowPageTraceBehavior [ RunTime:0.004072s ]
INFO: [ app_end ] --END-- [ RunTime:0.004365s ]

[ 2019-02-06T14:40:33+08:00 ] ::1 /index.php/Home/Index_extension.html/id/32
INFO: [ app_init ] --START--
INFO: Run Behavior\BuildLiteBehavior [ RunTime:0.000041s ]
INFO: [ app_init ] --END-- [ RunTime:0.001470s ]
INFO: [ app_begin ] --START--
INFO: Run Behavior\ReadHtmlCacheBehavior [ RunTime:0.002430s ]
INFO: [ app_begin ] --END-- [ RunTime:0.002682s ]
SQL: SHOW COLUMNS FROM `rr_configs` [ RunTime:0.0018s ]
SQL: SELECT * FROM `rr_configs` LIMIT 1   [ RunTime:0.0005s ]
SQL: SHOW COLUMNS FROM `rr_cateart` [ RunTime:0.0009s ]
SQL: SELECT * FROM `rr_cateart` ORDER BY sors asc  [ RunTime:0.0007s ]
SQL: SHOW COLUMNS FROM `rr_arts` [ RunTime:0.0010s ]
SQL: SHOW COLUMNS FROM `rr_cateart` [ RunTime:0.0009s ]
SQL: SHOW COLUMNS FROM `rr_arts` [ RunTime:0.0008s ]
SQL: SELECT COUNT(*) AS tp_count FROM rr_cateart Cateart LEFT JOIN rr_arts Arts ON Arts.catid=Cateart.id WHERE Arts.catid = '' LIMIT 1   [ RunTime:0.0005s ]
SQL: SELECT Cateart.id AS id,Cateart.pid AS pid,Cateart.catena AS catena,Cateart.uls AS uls,Cateart.sors AS sors,Cateart.tits AS tits,Cateart.descc AS descc,Cateart.kws AS kws,Cateart.typs AS typs,Cateart.arttem AS arttem,Arts.id AS id,Arts.timess AS timess,Arts.autos AS autos,Arts.shot AS shot,Arts.lart AS lart,Arts.kws AS kws,Arts.desccc AS desccc,Arts.artimg AS artimg,Arts.cons AS cons,Arts.bors AS bors,Arts.catid AS catid,Arts.updas AS updas FROM rr_cateart Cateart LEFT JOIN rr_arts Arts ON Arts.catid=Cateart.id WHERE Arts.catid = '' LIMIT 0,2   [ RunTime:0.0006s ]
ERR: 模板不存在:./Application/Home/View/Index_extension.html_id.html

[ 2019-02-06T14:40:37+08:00 ] ::1 /index.php/Home/List_case3.html/id/37
INFO: [ app_init ] --START--
INFO: Run Behavior\BuildLiteBehavior [ RunTime:0.000040s ]
INFO: [ app_init ] --END-- [ RunTime:0.001415s ]
INFO: [ app_begin ] --START--
INFO: Run Behavior\ReadHtmlCacheBehavior [ RunTime:0.002555s ]
INFO: [ app_begin ] --END-- [ RunTime:0.002776s ]
SQL: SHOW COLUMNS FROM `rr_configs` [ RunTime:0.0010s ]
SQL: SELECT * FROM `rr_configs` LIMIT 1   [ RunTime:0.0004s ]
SQL: SHOW COLUMNS FROM `rr_cateart` [ RunTime:0.0008s ]
SQL: SELECT * FROM `rr_cateart` ORDER BY sors asc  [ RunTime:0.0009s ]
SQL: SHOW COLUMNS FROM `rr_arts` [ RunTime:0.0009s ]
SQL: SHOW COLUMNS FROM `rr_cateart` [ RunTime:0.0008s ]
SQL: SHOW COLUMNS FROM `rr_arts` [ RunTime:0.0008s ]
SQL: SELECT COUNT(*) AS tp_count FROM rr_cateart Cateart LEFT JOIN rr_arts Arts ON Arts.catid=Cateart.id WHERE Arts.catid = '' LIMIT 1   [ RunTime:0.0005s ]
SQL: SELECT Cateart.id AS id,Cateart.pid AS pid,Cateart.catena AS catena,Cateart.uls AS uls,Cateart.sors AS sors,Cateart.tits AS tits,Cateart.descc AS descc,Cateart.kws AS kws,Cateart.typs AS typs,Cateart.arttem AS arttem,Arts.id AS id,Arts.timess AS timess,Arts.autos AS autos,Arts.shot AS shot,Arts.lart AS lart,Arts.kws AS kws,Arts.desccc AS desccc,Arts.artimg AS artimg,Arts.cons AS cons,Arts.bors AS bors,Arts.catid AS catid,Arts.updas AS updas FROM rr_cateart Cateart LEFT JOIN rr_arts Arts ON Arts.catid=Cateart.id WHERE Arts.catid = '' LIMIT 0,2   [ RunTime:0.0007s ]
ERR: 模板不存在:./Application/Home/View/List_case3.html_id.html

[ 2019-02-06T14:40:40+08:00 ] ::1 /index.php/Home/Index_map.html/id/40
INFO: [ app_init ] --START--
INFO: Run Behavior\BuildLiteBehavior [ RunTime:0.000041s ]
INFO: [ app_init ] --END-- [ RunTime:0.001378s ]
INFO: [ app_begin ] --START--
INFO: Run Behavior\ReadHtmlCacheBehavior [ RunTime:0.002389s ]
INFO: [ app_begin ] --END-- [ RunTime:0.002609s ]
SQL: SHOW COLUMNS FROM `rr_configs` [ RunTime:0.0011s ]
SQL: SELECT * FROM `rr_configs` LIMIT 1   [ RunTime:0.0005s ]
SQL: SHOW COLUMNS FROM `rr_cateart` [ RunTime:0.0009s ]
SQL: SELECT * FROM `rr_cateart` ORDER BY sors asc  [ RunTime:0.0008s ]
SQL: SHOW COLUMNS FROM `rr_arts` [ RunTime:0.0009s ]
SQL: SHOW COLUMNS FROM `rr_cateart` [ RunTime:0.0009s ]
SQL: SHOW COLUMNS FROM `rr_arts` [ RunTime:0.0009s ]
SQL: SELECT COUNT(*) AS tp_count FROM rr_cateart Cateart LEFT JOIN rr_arts Arts ON Arts.catid=Cateart.id WHERE Arts.catid = '' LIMIT 1   [ RunTime:0.0006s ]
SQL: SELECT Cateart.id AS id,Cateart.pid AS pid,Cateart.catena AS catena,Cateart.uls AS uls,Cateart.sors AS sors,Cateart.tits AS tits,Cateart.descc AS descc,Cateart.kws AS kws,Cateart.typs AS typs,Cateart.arttem AS arttem,Arts.id AS id,Arts.timess AS timess,Arts.autos AS autos,Arts.shot AS shot,Arts.lart AS lart,Arts.kws AS kws,Arts.desccc AS desccc,Arts.artimg AS artimg,Arts.cons AS cons,Arts.bors AS bors,Arts.catid AS catid,Arts.updas AS updas FROM rr_cateart Cateart LEFT JOIN rr_arts Arts ON Arts.catid=Cateart.id WHERE Arts.catid = '' LIMIT 0,2   [ RunTime:0.0006s ]
ERR: 模板不存在:./Application/Home/View/Index_map.html_id.html

[ 2019-02-06T14:40:42+08:00 ] ::1 /index.php/Home/Index/about/id/44
INFO: [ app_init ] --START--
INFO: Run Behavior\BuildLiteBehavior [ RunTime:0.000041s ]
INFO: [ app_init ] --END-- [ RunTime:0.001405s ]
INFO: [ app_begin ] --START--
INFO: Run Behavior\ReadHtmlCacheBehavior [ RunTime:0.002986s ]
INFO: [ app_begin ] --END-- [ RunTime:0.003205s ]
SQL: SHOW COLUMNS FROM `rr_configs` [ RunTime:0.0011s ]
SQL: SELECT * FROM `rr_configs` LIMIT 1   [ RunTime:0.0005s ]
SQL: SHOW COLUMNS FROM `rr_cateart` [ RunTime:0.0010s ]
SQL: SELECT * FROM `rr_cateart` ORDER BY sors asc  [ RunTime:0.0008s ]
SQL: SHOW COLUMNS FROM `rr_arts` [ RunTime:0.0012s ]
SQL: SHOW COLUMNS FROM `rr_cateart` [ RunTime:0.0008s ]
SQL: SHOW COLUMNS FROM `rr_arts` [ RunTime:0.0008s ]
SQL: SELECT COUNT(*) AS tp_count FROM rr_cateart Cateart LEFT JOIN rr_arts Arts ON Arts.catid=Cateart.id WHERE Arts.catid = '44' LIMIT 1   [ RunTime:0.0005s ]
SQL: SELECT Cateart.id AS id,Cateart.pid AS pid,Cateart.catena AS catena,Cateart.uls AS uls,Cateart.sors AS sors,Cateart.tits AS tits,Cateart.descc AS descc,Cateart.kws AS kws,Cateart.typs AS typs,Cateart.arttem AS arttem,Arts.id AS id,Arts.timess AS timess,Arts.autos AS autos,Arts.shot AS shot,Arts.lart AS lart,Arts.kws AS kws,Arts.desccc AS desccc,Arts.artimg AS artimg,Arts.cons AS cons,Arts.bors AS bors,Arts.catid AS catid,Arts.updas AS updas FROM rr_cateart Cateart LEFT JOIN rr_arts Arts ON Arts.catid=Cateart.id WHERE Arts.catid = '44' LIMIT 0,2   [ RunTime:0.0006s ]
INFO: [ view_parse ] --START--
INFO: [ template_filter ] --START--
INFO: Run Behavior\ContentReplaceBehavior [ RunTime:0.000272s ]
INFO: [ template_filter ] --END-- [ RunTime:0.000470s ]
NOTIC: [8] Undefined index: child D:\wamp64\www\test5\Application\Runtime\Cache\Home\7281d32286e1f2beff6515a630a3622f.php 第 26 行.
NOTIC: [2] Invalid argument supplied for foreach() D:\wamp64\www\test5\Application\Runtime\Cache\Home\7281d32286e1f2beff6515a630a3622f.php 第 26 行.
NOTIC: [8] Undefined index: child D:\wamp64\www\test5\Application\Runtime\Cache\Home\7281d32286e1f2beff6515a630a3622f.php 第 26 行.
NOTIC: [2] Invalid argument supplied for foreach() D:\wamp64\www\test5\Application\Runtime\Cache\Home\7281d32286e1f2beff6515a630a3622f.php 第 26 行.
NOTIC: [8] Undefined index: child D:\wamp64\www\test5\Application\Runtime\Cache\Home\7281d32286e1f2beff6515a630a3622f.php 第 26 行.
NOTIC: [2] Invalid argument supplied for foreach() D:\wamp64\www\test5\Application\Runtime\Cache\Home\7281d32286e1f2beff6515a630a3622f.php 第 26 行.
INFO: Run Behavior\ParseTemplateBehavior [ RunTime:0.048426s ]
INFO: [ view_parse ] --END-- [ RunTime:0.048644s ]
INFO: [ view_filter ] --START--
INFO: Run Behavior\WriteHtmlCacheBehavior [ RunTime:0.002417s ]
INFO: [ view_filter ] --END-- [ RunTime:0.002612s ]
INFO: [ app_end ] --START--
INFO: Run Behavior\ShowPageTraceBehavior [ RunTime:0.003787s ]
INFO: [ app_end ] --END-- [ RunTime:0.004073s ]

[ 2019-02-06T14:40:42+08:00 ] ::1 /index.php/Home/Index/map
INFO: [ app_init ] --START--
INFO: Run Behavior\BuildLiteBehavior [ RunTime:0.000097s ]
INFO: [ app_init ] --END-- [ RunTime:0.005227s ]
INFO: [ app_begin ] --START--
INFO: Run Behavior\ReadHtmlCacheBehavior [ RunTime:0.004314s ]
INFO: [ app_begin ] --END-- [ RunTime:0.004969s ]
SQL: SHOW COLUMNS FROM `rr_configs` [ RunTime:0.0010s ]
SQL: SELECT * FROM `rr_configs` LIMIT 1   [ RunTime:0.0004s ]
SQL: SHOW COLUMNS FROM `rr_cateart` [ RunTime:0.0010s ]
SQL: SELECT * FROM `rr_cateart` ORDER BY sors asc  [ RunTime:0.0007s ]
SQL: SHOW COLUMNS FROM `rr_arts` [ RunTime:0.0010s ]
SQL: SHOW COLUMNS FROM `rr_cateart` [ RunTime:0.0011s ]
SQL: SHOW COLUMNS FROM `rr_arts` [ RunTime:0.0009s ]
SQL: SELECT COUNT(*) AS tp_count FROM rr_cateart Cateart LEFT JOIN rr_arts Arts ON Arts.catid=Cateart.id WHERE Arts.catid = '' LIMIT 1   [ RunTime:0.0005s ]
SQL: SELECT Cateart.id AS id,Cateart.pid AS pid,Cateart.catena AS catena,Cateart.uls AS uls,Cateart.sors AS sors,Cateart.tits AS tits,Cateart.descc AS descc,Cateart.kws AS kws,Cateart.typs AS typs,Cateart.arttem AS arttem,Arts.id AS id,Arts.timess AS timess,Arts.autos AS autos,Arts.shot AS shot,Arts.lart AS lart,Arts.kws AS kws,Arts.desccc AS desccc,Arts.artimg AS artimg,Arts.cons AS cons,Arts.bors AS bors,Arts.catid AS catid,Arts.updas AS updas FROM rr_cateart Cateart LEFT JOIN rr_arts Arts ON Arts.catid=Cateart.id WHERE Arts.catid = '' LIMIT 0,2   [ RunTime:0.0005s ]
INFO: [ view_parse ] --START--
INFO: [ template_filter ] --START--
INFO: Run Behavior\ContentReplaceBehavior [ RunTime:0.000157s ]
INFO: [ template_filter ] --END-- [ RunTime:0.000351s ]
INFO: Run Behavior\ParseTemplateBehavior [ RunTime:0.020938s ]
INFO: [ view_parse ] --END-- [ RunTime:0.021161s ]
INFO: [ view_filter ] --START--
INFO: Run Behavior\WriteHtmlCacheBehavior [ RunTime:0.002012s ]
INFO: [ view_filter ] --END-- [ RunTime:0.002196s ]
INFO: [ app_end ] --START--
INFO: Run Behavior\ShowPageTraceBehavior [ RunTime:0.002317s ]
INFO: [ app_end ] --END-- [ RunTime:0.002644s ]

[ 2019-02-06T14:40:43+08:00 ] ::1 /index.php/Home/List/export/id/35
INFO: [ app_init ] --START--
INFO: Run Behavior\BuildLiteBehavior [ RunTime:0.000061s ]
INFO: [ app_init ] --END-- [ RunTime:0.001588s ]
INFO: [ app_begin ] --START--
INFO: Run Behavior\ReadHtmlCacheBehavior [ RunTime:0.002336s ]
INFO: [ app_begin ] --END-- [ RunTime:0.002546s ]
SQL: SHOW COLUMNS FROM `rr_configs` [ RunTime:0.0010s ]
SQL: SELECT * FROM `rr_configs` LIMIT 1   [ RunTime:0.0004s ]
SQL: SHOW COLUMNS FROM `rr_cateart` [ RunTime:0.0008s ]
SQL: SELECT * FROM `rr_cateart` ORDER BY sors asc  [ RunTime:0.0007s ]
SQL: SHOW COLUMNS FROM `rr_arts` [ RunTime:0.0010s ]
SQL: SHOW COLUMNS FROM `rr_cateart` [ RunTime:0.0008s ]
SQL: SHOW COLUMNS FROM `rr_arts` [ RunTime:0.0008s ]
SQL: SELECT COUNT(*) AS tp_count FROM rr_cateart Cateart LEFT JOIN rr_arts Arts ON Arts.catid=Cateart.id WHERE Arts.catid = '35' LIMIT 1   [ RunTime:0.0005s ]
SQL: SELECT Cateart.id AS id,Cateart.pid AS pid,Cateart.catena AS catena,Cateart.uls AS uls,Cateart.sors AS sors,Cateart.tits AS tits,Cateart.descc AS descc,Cateart.kws AS kws,Cateart.typs AS typs,Cateart.arttem AS arttem,Arts.id AS id,Arts.timess AS timess,Arts.autos AS autos,Arts.shot AS shot,Arts.lart AS lart,Arts.kws AS kws,Arts.desccc AS desccc,Arts.artimg AS artimg,Arts.cons AS cons,Arts.bors AS bors,Arts.catid AS catid,Arts.updas AS updas FROM rr_cateart Cateart LEFT JOIN rr_arts Arts ON Arts.catid=Cateart.id WHERE Arts.catid = '35' LIMIT 0,2   [ RunTime:0.0007s ]
INFO: [ view_parse ] --START--
INFO: [ template_filter ] --START--
INFO: Run Behavior\ContentReplaceBehavior [ RunTime:0.000190s ]
INFO: [ template_filter ] --END-- [ RunTime:0.000390s ]
NOTIC: [8] Undefined index: child D:\wamp64\www\test5\Application\Runtime\Cache\Home\20fcf1166d016287cf4c09b169abf594.php 第 27 行.
NOTIC: [2] Invalid argument supplied for foreach() D:\wamp64\www\test5\Application\Runtime\Cache\Home\20fcf1166d016287cf4c09b169abf594.php 第 27 行.
NOTIC: [8] Undefined index: child D:\wamp64\www\test5\Application\Runtime\Cache\Home\20fcf1166d016287cf4c09b169abf594.php 第 27 行.
NOTIC: [2] Invalid argument supplied for foreach() D:\wamp64\www\test5\Application\Runtime\Cache\Home\20fcf1166d016287cf4c09b169abf594.php 第 27 行.
NOTIC: [8] Undefined index: child D:\wamp64\www\test5\Application\Runtime\Cache\Home\20fcf1166d016287cf4c09b169abf594.php 第 27 行.
NOTIC: [2] Invalid argument supplied for foreach() D:\wamp64\www\test5\Application\Runtime\Cache\Home\20fcf1166d016287cf4c09b169abf594.php 第 27 行.
INFO: Run Behavior\ParseTemplateBehavior [ RunTime:0.028788s ]
INFO: [ view_parse ] --END-- [ RunTime:0.029002s ]
INFO: [ view_filter ] --START--
INFO: Run Behavior\WriteHtmlCacheBehavior [ RunTime:0.002124s ]
INFO: [ view_filter ] --END-- [ RunTime:0.002395s ]
INFO: [ app_end ] --START--
INFO: Run Behavior\ShowPageTraceBehavior [ RunTime:0.003032s ]
INFO: [ app_end ] --END-- [ RunTime:0.003306s ]

[ 2019-02-06T14:41:18+08:00 ] ::1 /index.php/Home/List/export/id/35
INFO: [ app_init ] --START--
INFO: Run Behavior\BuildLiteBehavior [ RunTime:0.000042s ]
INFO: [ app_init ] --END-- [ RunTime:0.001123s ]
INFO: [ app_begin ] --START--
INFO: Run Behavior\ReadHtmlCacheBehavior [ RunTime:0.001285s ]
INFO: [ app_begin ] --END-- [ RunTime:0.001485s ]
SQL: SHOW COLUMNS FROM `rr_configs` [ RunTime:0.0010s ]
SQL: SELECT * FROM `rr_configs` LIMIT 1   [ RunTime:0.0005s ]
SQL: SHOW COLUMNS FROM `rr_cateart` [ RunTime:0.0009s ]
SQL: SELECT * FROM `rr_cateart` ORDER BY sors asc  [ RunTime:0.0008s ]
SQL: SHOW COLUMNS FROM `rr_arts` [ RunTime:0.0009s ]
SQL: SHOW COLUMNS FROM `rr_cateart` [ RunTime:0.0009s ]
SQL: SHOW COLUMNS FROM `rr_arts` [ RunTime:0.0008s ]
SQL: SELECT COUNT(*) AS tp_count FROM rr_cateart Cateart LEFT JOIN rr_arts Arts ON Arts.catid=Cateart.id WHERE Arts.catid = '35' LIMIT 1   [ RunTime:0.0005s ]
SQL: SELECT Cateart.id AS id,Cateart.pid AS pid,Cateart.catena AS catena,Cateart.uls AS uls,Cateart.sors AS sors,Cateart.tits AS tits,Cateart.descc AS descc,Cateart.kws AS kws,Cateart.typs AS typs,Cateart.arttem AS arttem,Arts.id AS id,Arts.timess AS timess,Arts.autos AS autos,Arts.shot AS shot,Arts.lart AS lart,Arts.kws AS kws,Arts.desccc AS desccc,Arts.artimg AS artimg,Arts.cons AS cons,Arts.bors AS bors,Arts.catid AS catid,Arts.updas AS updas FROM rr_cateart Cateart LEFT JOIN rr_arts Arts ON Arts.catid=Cateart.id WHERE Arts.catid = '35' LIMIT 0,2   [ RunTime:0.0007s ]
INFO: [ view_parse ] --START--
INFO: [ template_filter ] --START--
INFO: Run Behavior\ContentReplaceBehavior [ RunTime:0.000184s ]
INFO: [ template_filter ] --END-- [ RunTime:0.000389s ]
NOTIC: [8] Undefined index: child D:\wamp64\www\test5\Application\Runtime\Cache\Home\20fcf1166d016287cf4c09b169abf594.php 第 27 行.
NOTIC: [2] Invalid argument supplied for foreach() D:\wamp64\www\test5\Application\Runtime\Cache\Home\20fcf1166d016287cf4c09b169abf594.php 第 27 行.
NOTIC: [8] Undefined index: child D:\wamp64\www\test5\Application\Runtime\Cache\Home\20fcf1166d016287cf4c09b169abf594.php 第 27 行.
NOTIC: [2] Invalid argument supplied for foreach() D:\wamp64\www\test5\Application\Runtime\Cache\Home\20fcf1166d016287cf4c09b169abf594.php 第 27 行.
NOTIC: [8] Undefined index: child D:\wamp64\www\test5\Application\Runtime\Cache\Home\20fcf1166d016287cf4c09b169abf594.php 第 27 行.
NOTIC: [2] Invalid argument supplied for foreach() D:\wamp64\www\test5\Application\Runtime\Cache\Home\20fcf1166d016287cf4c09b169abf594.php 第 27 行.
INFO: Run Behavior\ParseTemplateBehavior [ RunTime:0.029211s ]
INFO: [ view_parse ] --END-- [ RunTime:0.029447s ]
INFO: [ view_filter ] --START--
INFO: Run Behavior\WriteHtmlCacheBehavior [ RunTime:0.001874s ]
INFO: [ view_filter ] --END-- [ RunTime:0.002059s ]
INFO: [ app_end ] --START--
INFO: Run Behavior\ShowPageTraceBehavior [ RunTime:0.001849s ]
INFO: [ app_end ] --END-- [ RunTime:0.002260s ]

[ 2019-02-06T14:42:47+08:00 ] ::1 /index.php/Home/List/export/id/35
INFO: [ app_init ] --START--
INFO: Run Behavior\BuildLiteBehavior [ RunTime:0.000041s ]
INFO: [ app_init ] --END-- [ RunTime:0.001186s ]
INFO: [ app_begin ] --START--
INFO: Run Behavior\ReadHtmlCacheBehavior [ RunTime:0.001482s ]
INFO: [ app_begin ] --END-- [ RunTime:0.001698s ]
SQL: SHOW COLUMNS FROM `rr_configs` [ RunTime:0.0010s ]
SQL: SELECT * FROM `rr_configs` LIMIT 1   [ RunTime:0.0004s ]
SQL: SHOW COLUMNS FROM `rr_cateart` [ RunTime:0.0009s ]
SQL: SELECT * FROM `rr_cateart` ORDER BY sors asc  [ RunTime:0.0008s ]
SQL: SHOW COLUMNS FROM `rr_arts` [ RunTime:0.0010s ]
SQL: SHOW COLUMNS FROM `rr_cateart` [ RunTime:0.0008s ]
SQL: SHOW COLUMNS FROM `rr_arts` [ RunTime:0.0008s ]
SQL: SELECT COUNT(*) AS tp_count FROM rr_cateart Cateart LEFT JOIN rr_arts Arts ON Arts.catid=Cateart.id WHERE Arts.catid = '35' LIMIT 1   [ RunTime:0.0006s ]
SQL: SELECT Cateart.id AS id,Cateart.pid AS pid,Cateart.catena AS catena,Cateart.uls AS uls,Cateart.sors AS sors,Cateart.tits AS tits,Cateart.descc AS descc,Cateart.kws AS kws,Cateart.typs AS typs,Cateart.arttem AS arttem,Arts.id AS id,Arts.timess AS timess,Arts.autos AS autos,Arts.shot AS shot,Arts.lart AS lart,Arts.kws AS kws,Arts.desccc AS desccc,Arts.artimg AS artimg,Arts.cons AS cons,Arts.bors AS bors,Arts.catid AS catid,Arts.updas AS updas FROM rr_cateart Cateart LEFT JOIN rr_arts Arts ON Arts.catid=Cateart.id WHERE Arts.catid = '35' LIMIT 0,2   [ RunTime:0.0006s ]
INFO: [ view_parse ] --START--
INFO: [ template_filter ] --START--
INFO: Run Behavior\ContentReplaceBehavior [ RunTime:0.000184s ]
INFO: [ template_filter ] --END-- [ RunTime:0.000382s ]
NOTIC: [8] Undefined index: child D:\wamp64\www\test5\Application\Runtime\Cache\Home\20fcf1166d016287cf4c09b169abf594.php 第 27 行.
NOTIC: [2] Invalid argument supplied for foreach() D:\wamp64\www\test5\Application\Runtime\Cache\Home\20fcf1166d016287cf4c09b169abf594.php 第 27 行.
NOTIC: [8] Undefined index: child D:\wamp64\www\test5\Application\Runtime\Cache\Home\20fcf1166d016287cf4c09b169abf594.php 第 27 行.
NOTIC: [2] Invalid argument supplied for foreach() D:\wamp64\www\test5\Application\Runtime\Cache\Home\20fcf1166d016287cf4c09b169abf594.php 第 27 行.
NOTIC: [8] Undefined index: child D:\wamp64\www\test5\Application\Runtime\Cache\Home\20fcf1166d016287cf4c09b169abf594.php 第 27 行.
NOTIC: [2] Invalid argument supplied for foreach() D:\wamp64\www\test5\Application\Runtime\Cache\Home\20fcf1166d016287cf4c09b169abf594.php 第 27 行.
INFO: Run Behavior\ParseTemplateBehavior [ RunTime:0.027858s ]
INFO: [ view_parse ] --END-- [ RunTime:0.028053s ]
INFO: [ view_filter ] --START--
INFO: Run Behavior\WriteHtmlCacheBehavior [ RunTime:0.001670s ]
INFO: [ view_filter ] --END-- [ RunTime:0.001847s ]
INFO: [ app_end ] --START--
INFO: Run Behavior\ShowPageTraceBehavior [ RunTime:0.002995s ]
INFO: [ app_end ] --END-- [ RunTime:0.003466s ]

[ 2019-02-06T14:42:50+08:00 ] ::1 /index.php/Home/Index/brand/id/31
INFO: [ app_init ] --START--
INFO: Run Behavior\BuildLiteBehavior [ RunTime:0.000040s ]
INFO: [ app_init ] --END-- [ RunTime:0.001173s ]
INFO: [ app_begin ] --START--
INFO: Run Behavior\ReadHtmlCacheBehavior [ RunTime:0.001364s ]
INFO: [ app_begin ] --END-- [ RunTime:0.001571s ]
SQL: SHOW COLUMNS FROM `rr_configs` [ RunTime:0.0011s ]
SQL: SELECT * FROM `rr_configs` LIMIT 1   [ RunTime:0.0004s ]
SQL: SHOW COLUMNS FROM `rr_cateart` [ RunTime:0.0010s ]
SQL: SELECT * FROM `rr_cateart` ORDER BY sors asc  [ RunTime:0.0008s ]
SQL: SHOW COLUMNS FROM `rr_arts` [ RunTime:0.0009s ]
SQL: SHOW COLUMNS FROM `rr_cateart` [ RunTime:0.0008s ]
SQL: SHOW COLUMNS FROM `rr_arts` [ RunTime:0.0007s ]
SQL: SELECT COUNT(*) AS tp_count FROM rr_cateart Cateart LEFT JOIN rr_arts Arts ON Arts.catid=Cateart.id WHERE Arts.catid = '31' LIMIT 1   [ RunTime:0.0005s ]
SQL: SELECT Cateart.id AS id,Cateart.pid AS pid,Cateart.catena AS catena,Cateart.uls AS uls,Cateart.sors AS sors,Cateart.tits AS tits,Cateart.descc AS descc,Cateart.kws AS kws,Cateart.typs AS typs,Cateart.arttem AS arttem,Arts.id AS id,Arts.timess AS timess,Arts.autos AS autos,Arts.shot AS shot,Arts.lart AS lart,Arts.kws AS kws,Arts.desccc AS desccc,Arts.artimg AS artimg,Arts.cons AS cons,Arts.bors AS bors,Arts.catid AS catid,Arts.updas AS updas FROM rr_cateart Cateart LEFT JOIN rr_arts Arts ON Arts.catid=Cateart.id WHERE Arts.catid = '31' LIMIT 0,2   [ RunTime:0.0006s ]
INFO: [ view_parse ] --START--
INFO: [ template_filter ] --START--
INFO: Run Behavior\ContentReplaceBehavior [ RunTime:0.000288s ]
INFO: [ template_filter ] --END-- [ RunTime:0.000504s ]
NOTIC: [8] Undefined index: child D:\wamp64\www\test5\Application\Runtime\Cache\Home\4925efaab83d1f8e9733c0913d2c5e25.php 第 26 行.
NOTIC: [2] Invalid argument supplied for foreach() D:\wamp64\www\test5\Application\Runtime\Cache\Home\4925efaab83d1f8e9733c0913d2c5e25.php 第 26 行.
NOTIC: [8] Undefined index: child D:\wamp64\www\test5\Application\Runtime\Cache\Home\4925efaab83d1f8e9733c0913d2c5e25.php 第 26 行.
NOTIC: [2] Invalid argument supplied for foreach() D:\wamp64\www\test5\Application\Runtime\Cache\Home\4925efaab83d1f8e9733c0913d2c5e25.php 第 26 行.
NOTIC: [8] Undefined index: child D:\wamp64\www\test5\Application\Runtime\Cache\Home\4925efaab83d1f8e9733c0913d2c5e25.php 第 26 行.
NOTIC: [2] Invalid argument supplied for foreach() D:\wamp64\www\test5\Application\Runtime\Cache\Home\4925efaab83d1f8e9733c0913d2c5e25.php 第 26 行.
INFO: Run Behavior\ParseTemplateBehavior [ RunTime:0.075689s ]
INFO: [ view_parse ] --END-- [ RunTime:0.075888s ]
INFO: [ view_filter ] --START--
INFO: Run Behavior\WriteHtmlCacheBehavior [ RunTime:0.001622s ]
INFO: [ view_filter ] --END-- [ RunTime:0.001805s ]
INFO: [ app_end ] --START--
INFO: Run Behavior\ShowPageTraceBehavior [ RunTime:0.002626s ]
INFO: [ app_end ] --END-- [ RunTime:0.002904s ]

